<?xml version="1.0" encoding="UTF-8"?>
<!-- Generated by org.testng.reporters.JUnitReportReporter -->
<testsuite hostname="LAPTOP-SH10C9CC" failures="0" tests="1" name="Rest_Assured_Test.Rest_Assured__Post_Resuest" time="2.226" errors="0" timestamp="2022-07-25T15:45:51 IST" skipped="0">
  <testcase classname="Rest_Assured_Test.Rest_Assured__Post_Resuest" name="testpost" time="2.226"/>
  <system-out/>
</testsuite> <!-- Rest_Assured_Test.Rest_Assured__Post_Resuest -->
