<?xml version="1.0" encoding="UTF-8"?>
<!-- Generated by org.testng.reporters.JUnitReportReporter -->
<testsuite hostname="LAPTOP-SH10C9CC" failures="0" tests="1" name="Rest_Assured_Test.Rest_Assured__Delete_Request" time="2.464" errors="0" timestamp="2022-07-25T15:57:35 IST" skipped="0">
  <testcase classname="Rest_Assured_Test.Rest_Assured__Delete_Request" name="deletdata" time="2.464"/>
  <system-out/>
</testsuite> <!-- Rest_Assured_Test.Rest_Assured__Delete_Request -->
