<?xml version="1.0" encoding="UTF-8"?>
<!-- Generated by org.testng.reporters.JUnitReportReporter -->
<testsuite hostname="LAPTOP-SH10C9CC" failures="0" tests="1" name="Rest_Assured_Test.Rest_Assured_Put_Request" time="2.714" errors="0" timestamp="2022-07-25T15:49:24 IST" skipped="0">
  <testcase classname="Rest_Assured_Test.Rest_Assured_Put_Request" name="testdata" time="2.714"/>
  <system-out/>
</testsuite> <!-- Rest_Assured_Test.Rest_Assured_Put_Request -->
